[0.379s] DEBUG:colcon:Command line arguments: ['/usr/bin/colcon', 'build', '--symlink-install', '--packages-select', 'mtbc1_viz']
[0.379s] DEBUG:colcon:Parsed command line arguments: Namespace(log_base=None, log_level=None, verb_name='build', build_base='build', install_base='install', merge_install=False, symlink_install=True, test_result_base=None, continue_on_error=False, executor='parallel', parallel_workers=4, event_handlers=None, ignore_user_meta=False, metas=['./colcon.meta'], base_paths=['.'], packages_ignore=None, packages_ignore_regex=None, paths=None, packages_up_to=None, packages_up_to_regex=None, packages_above=None, packages_above_and_dependencies=None, packages_above_depth=None, packages_select_by_dep=None, packages_skip_by_dep=None, packages_skip_up_to=None, packages_select_build_failed=False, packages_skip_build_finished=False, packages_select_test_failures=False, packages_skip_test_passed=False, packages_select=['mtbc1_viz'], packages_skip=None, packages_select_regex=None, packages_skip_regex=None, packages_start=None, packages_end=None, allow_overriding=[], cmake_args=None, cmake_target=None, cmake_target_skip_unavailable=False, cmake_clean_cache=False, cmake_clean_first=False, cmake_force_configure=False, ament_cmake_args=None, catkin_cmake_args=None, catkin_skip_building_tests=False, verb_parser=<colcon_defaults.argument_parser.defaults.DefaultArgumentsDecorator object at 0xfcc0a9bc6c80>, verb_extension=<colcon_core.verb.build.BuildVerb object at 0xfcc0a9b7f4c0>, main=<bound method BuildVerb.main of <colcon_core.verb.build.BuildVerb object at 0xfcc0a9b7f4c0>>)
[0.877s] Level 1:colcon.colcon_core.package_discovery:discover_packages(colcon_meta) check parameters
[0.878s] Level 1:colcon.colcon_core.package_discovery:discover_packages(recursive) check parameters
[0.878s] Level 1:colcon.colcon_core.package_discovery:discover_packages(ignore) check parameters
[0.878s] Level 1:colcon.colcon_core.package_discovery:discover_packages(path) check parameters
[0.878s] Level 1:colcon.colcon_core.package_discovery:discover_packages(colcon_meta) discover
[0.878s] Level 1:colcon.colcon_core.package_discovery:discover_packages(recursive) discover
[0.879s] INFO:colcon.colcon_core.package_discovery:Crawling recursively for packages in '/home/ubuntutbc/mtbc1_ws/src/MockTurtleBotC1-Desktop/mtbc1_viz'
[0.879s] Level 1:colcon.colcon_core.package_identification:_identify(.) by extensions ['ignore', 'ignore_ament_install']
[0.879s] Level 1:colcon.colcon_core.package_identification:_identify(.) by extension 'ignore'
[0.879s] Level 1:colcon.colcon_core.package_identification:_identify(.) by extension 'ignore_ament_install'
[0.880s] Level 1:colcon.colcon_core.package_identification:_identify(.) by extensions ['colcon_pkg']
[0.880s] Level 1:colcon.colcon_core.package_identification:_identify(.) by extension 'colcon_pkg'
[0.880s] Level 1:colcon.colcon_core.package_identification:_identify(.) by extensions ['colcon_meta']
[0.880s] Level 1:colcon.colcon_core.package_identification:_identify(.) by extension 'colcon_meta'
[0.880s] Level 1:colcon.colcon_core.package_identification:_identify(.) by extensions ['ros']
[0.880s] Level 1:colcon.colcon_core.package_identification:_identify(.) by extension 'ros'
[0.928s] DEBUG:colcon.colcon_core.package_identification:Package '.' with type 'ros.ament_cmake' and name 'mtbc1_viz'
[0.929s] Level 1:colcon.colcon_core.package_discovery:discover_packages(recursive) using defaults
[0.929s] Level 1:colcon.colcon_core.package_discovery:discover_packages(ignore) discover
[0.929s] Level 1:colcon.colcon_core.package_discovery:discover_packages(ignore) using defaults
[0.929s] Level 1:colcon.colcon_core.package_discovery:discover_packages(path) discover
[0.929s] Level 1:colcon.colcon_core.package_discovery:discover_packages(path) using defaults
[0.985s] Level 1:colcon.colcon_core.package_discovery:discover_packages(prefix_path) check parameters
[0.986s] Level 1:colcon.colcon_core.package_discovery:discover_packages(prefix_path) discover
[0.996s] DEBUG:colcon.colcon_installed_package_information.package_discovery:Found 3 installed packages in /home/ubuntutbc/mtbc1_ws/install
[1.015s] DEBUG:colcon.colcon_installed_package_information.package_discovery:Found 6 installed packages in /home/ubuntutbc/create_ws/install
[1.017s] DEBUG:colcon.colcon_installed_package_information.package_discovery:Found 0 installed packages in /home/ubuntutbc/mtc_ws/install
[1.018s] DEBUG:colcon.colcon_installed_package_information.package_discovery:Found 0 installed packages in /home/ubuntutbc/linorobot2_ws/install
[1.022s] DEBUG:colcon.colcon_installed_package_information.package_discovery:Found 12 installed packages in /home/ubuntutbc/rosgz_ws/install
[1.023s] DEBUG:colcon.colcon_installed_package_information.package_discovery:Found 1 installed packages in /home/ubuntutbc/ut_ws/install
[1.026s] DEBUG:colcon.colcon_installed_package_information.package_discovery:Found 366 installed packages in /opt/ros/humble
[1.038s] Level 1:colcon.colcon_core.package_discovery:discover_packages(prefix_path) using defaults
[1.215s] Level 5:colcon.colcon_core.verb:set package 'mtbc1_viz' build argument 'cmake_args' from command line to 'None'
[1.215s] Level 5:colcon.colcon_core.verb:set package 'mtbc1_viz' build argument 'cmake_target' from command line to 'None'
[1.216s] Level 5:colcon.colcon_core.verb:set package 'mtbc1_viz' build argument 'cmake_target_skip_unavailable' from command line to 'False'
[1.216s] Level 5:colcon.colcon_core.verb:set package 'mtbc1_viz' build argument 'cmake_clean_cache' from command line to 'False'
[1.216s] Level 5:colcon.colcon_core.verb:set package 'mtbc1_viz' build argument 'cmake_clean_first' from command line to 'False'
[1.216s] Level 5:colcon.colcon_core.verb:set package 'mtbc1_viz' build argument 'cmake_force_configure' from command line to 'False'
[1.216s] Level 5:colcon.colcon_core.verb:set package 'mtbc1_viz' build argument 'ament_cmake_args' from command line to 'None'
[1.216s] Level 5:colcon.colcon_core.verb:set package 'mtbc1_viz' build argument 'catkin_cmake_args' from command line to 'None'
[1.216s] Level 5:colcon.colcon_core.verb:set package 'mtbc1_viz' build argument 'catkin_skip_building_tests' from command line to 'False'
[1.216s] DEBUG:colcon.colcon_core.verb:Building package 'mtbc1_viz' with the following arguments: {'ament_cmake_args': None, 'build_base': '/home/ubuntutbc/mtbc1_ws/src/MockTurtleBotC1-Desktop/mtbc1_viz/build/mtbc1_viz', 'catkin_cmake_args': None, 'catkin_skip_building_tests': False, 'cmake_args': None, 'cmake_clean_cache': False, 'cmake_clean_first': False, 'cmake_force_configure': False, 'cmake_target': None, 'cmake_target_skip_unavailable': False, 'install_base': '/home/ubuntutbc/mtbc1_ws/src/MockTurtleBotC1-Desktop/mtbc1_viz/install/mtbc1_viz', 'merge_install': False, 'path': '/home/ubuntutbc/mtbc1_ws/src/MockTurtleBotC1-Desktop/mtbc1_viz', 'symlink_install': True, 'test_result_base': None}
[1.216s] INFO:colcon.colcon_core.executor:Executing jobs using 'parallel' executor
[1.218s] DEBUG:colcon.colcon_parallel_executor.executor.parallel:run_until_complete
[1.218s] INFO:colcon.colcon_ros.task.ament_cmake.build:Building ROS package in '/home/ubuntutbc/mtbc1_ws/src/MockTurtleBotC1-Desktop/mtbc1_viz' with build type 'ament_cmake'
[1.219s] INFO:colcon.colcon_cmake.task.cmake.build:Building CMake package in '/home/ubuntutbc/mtbc1_ws/src/MockTurtleBotC1-Desktop/mtbc1_viz'
[1.224s] INFO:colcon.colcon_core.plugin_system:Skipping extension 'colcon_core.shell.bat': Not used on non-Windows systems
[1.224s] INFO:colcon.colcon_core.shell:Skip shell extension 'powershell' for command environment: Not usable outside of PowerShell
[1.224s] DEBUG:colcon.colcon_core.shell:Skip shell extension 'dsv' for command environment
[1.263s] DEBUG:colcon.colcon_core.event_handler.log_command:Invoking command in '/home/ubuntutbc/mtbc1_ws/src/MockTurtleBotC1-Desktop/mtbc1_viz/build/mtbc1_viz': CMAKE_PREFIX_PATH=${CMAKE_PREFIX_PATH}:/opt/ros/humble /usr/bin/cmake /home/ubuntutbc/mtbc1_ws/src/MockTurtleBotC1-Desktop/mtbc1_viz -DAMENT_CMAKE_SYMLINK_INSTALL=1 -DCMAKE_INSTALL_PREFIX=/home/ubuntutbc/mtbc1_ws/src/MockTurtleBotC1-Desktop/mtbc1_viz/install/mtbc1_viz
[3.154s] DEBUG:colcon.colcon_core.event_handler.log_command:Invoked command in '/home/ubuntutbc/mtbc1_ws/src/MockTurtleBotC1-Desktop/mtbc1_viz/build/mtbc1_viz' returned '1': CMAKE_PREFIX_PATH=${CMAKE_PREFIX_PATH}:/opt/ros/humble /usr/bin/cmake /home/ubuntutbc/mtbc1_ws/src/MockTurtleBotC1-Desktop/mtbc1_viz -DAMENT_CMAKE_SYMLINK_INSTALL=1 -DCMAKE_INSTALL_PREFIX=/home/ubuntutbc/mtbc1_ws/src/MockTurtleBotC1-Desktop/mtbc1_viz/install/mtbc1_viz
[3.190s] Level 1:colcon.colcon_core.environment:create_environment_scripts_only(mtbc1_viz)
[3.200s] Level 1:colcon.colcon_core.environment:checking '/home/ubuntutbc/mtbc1_ws/src/MockTurtleBotC1-Desktop/mtbc1_viz/install/mtbc1_viz' for CMake module files
[3.201s] Level 1:colcon.colcon_core.environment:checking '/home/ubuntutbc/mtbc1_ws/src/MockTurtleBotC1-Desktop/mtbc1_viz/install/mtbc1_viz' for CMake config files
[3.202s] Level 1:colcon.colcon_core.environment:checking '/home/ubuntutbc/mtbc1_ws/src/MockTurtleBotC1-Desktop/mtbc1_viz/install/mtbc1_viz/bin'
[3.202s] Level 1:colcon.colcon_core.environment:checking '/home/ubuntutbc/mtbc1_ws/src/MockTurtleBotC1-Desktop/mtbc1_viz/install/mtbc1_viz/lib/pkgconfig/mtbc1_viz.pc'
[3.202s] Level 1:colcon.colcon_core.environment:checking '/home/ubuntutbc/mtbc1_ws/src/MockTurtleBotC1-Desktop/mtbc1_viz/install/mtbc1_viz/lib/python3.10/site-packages'
[3.203s] Level 1:colcon.colcon_core.environment:checking '/home/ubuntutbc/mtbc1_ws/src/MockTurtleBotC1-Desktop/mtbc1_viz/install/mtbc1_viz/bin'
[3.203s] INFO:colcon.colcon_core.shell:Creating package script '/home/ubuntutbc/mtbc1_ws/src/MockTurtleBotC1-Desktop/mtbc1_viz/install/mtbc1_viz/share/mtbc1_viz/package.ps1'
[3.206s] INFO:colcon.colcon_core.shell:Creating package descriptor '/home/ubuntutbc/mtbc1_ws/src/MockTurtleBotC1-Desktop/mtbc1_viz/install/mtbc1_viz/share/mtbc1_viz/package.dsv'
[3.207s] INFO:colcon.colcon_core.shell:Creating package script '/home/ubuntutbc/mtbc1_ws/src/MockTurtleBotC1-Desktop/mtbc1_viz/install/mtbc1_viz/share/mtbc1_viz/package.sh'
[3.208s] INFO:colcon.colcon_core.shell:Creating package script '/home/ubuntutbc/mtbc1_ws/src/MockTurtleBotC1-Desktop/mtbc1_viz/install/mtbc1_viz/share/mtbc1_viz/package.bash'
[3.209s] INFO:colcon.colcon_core.shell:Creating package script '/home/ubuntutbc/mtbc1_ws/src/MockTurtleBotC1-Desktop/mtbc1_viz/install/mtbc1_viz/share/mtbc1_viz/package.zsh'
[3.210s] Level 1:colcon.colcon_core.environment:create_file_with_runtime_dependencies(/home/ubuntutbc/mtbc1_ws/src/MockTurtleBotC1-Desktop/mtbc1_viz/install/mtbc1_viz/share/colcon-core/packages/mtbc1_viz)
[3.211s] DEBUG:colcon.colcon_parallel_executor.executor.parallel:closing loop
[3.212s] DEBUG:colcon.colcon_parallel_executor.executor.parallel:loop closed
[3.212s] DEBUG:colcon.colcon_parallel_executor.executor.parallel:run_until_complete finished with '1'
[3.212s] DEBUG:colcon.colcon_core.event_reactor:joining thread
[3.225s] INFO:colcon.colcon_core.plugin_system:Skipping extension 'colcon_notification.desktop_notification.terminal_notifier': Not used on non-Darwin systems
[3.225s] INFO:colcon.colcon_core.plugin_system:Skipping extension 'colcon_notification.desktop_notification.win32': Not used on non-Windows systems
[3.226s] INFO:colcon.colcon_notification.desktop_notification:Sending desktop notification using 'notify2'
[3.330s] DEBUG:colcon.colcon_core.event_reactor:joined thread
[3.331s] INFO:colcon.colcon_core.shell:Creating prefix script '/home/ubuntutbc/mtbc1_ws/src/MockTurtleBotC1-Desktop/mtbc1_viz/install/local_setup.ps1'
[3.335s] INFO:colcon.colcon_core.shell:Creating prefix util module '/home/ubuntutbc/mtbc1_ws/src/MockTurtleBotC1-Desktop/mtbc1_viz/install/_local_setup_util_ps1.py'
[3.339s] INFO:colcon.colcon_core.shell:Creating prefix chain script '/home/ubuntutbc/mtbc1_ws/src/MockTurtleBotC1-Desktop/mtbc1_viz/install/setup.ps1'
[3.357s] INFO:colcon.colcon_core.shell:Creating prefix script '/home/ubuntutbc/mtbc1_ws/src/MockTurtleBotC1-Desktop/mtbc1_viz/install/local_setup.sh'
[3.364s] INFO:colcon.colcon_core.shell:Creating prefix util module '/home/ubuntutbc/mtbc1_ws/src/MockTurtleBotC1-Desktop/mtbc1_viz/install/_local_setup_util_sh.py'
[3.366s] INFO:colcon.colcon_core.shell:Creating prefix chain script '/home/ubuntutbc/mtbc1_ws/src/MockTurtleBotC1-Desktop/mtbc1_viz/install/setup.sh'
[3.379s] INFO:colcon.colcon_core.shell:Creating prefix script '/home/ubuntutbc/mtbc1_ws/src/MockTurtleBotC1-Desktop/mtbc1_viz/install/local_setup.bash'
[3.386s] INFO:colcon.colcon_core.shell:Creating prefix chain script '/home/ubuntutbc/mtbc1_ws/src/MockTurtleBotC1-Desktop/mtbc1_viz/install/setup.bash'
[3.392s] INFO:colcon.colcon_core.shell:Creating prefix script '/home/ubuntutbc/mtbc1_ws/src/MockTurtleBotC1-Desktop/mtbc1_viz/install/local_setup.zsh'
[3.402s] INFO:colcon.colcon_core.shell:Creating prefix chain script '/home/ubuntutbc/mtbc1_ws/src/MockTurtleBotC1-Desktop/mtbc1_viz/install/setup.zsh'
