-- Found ament_cmake: 1.3.9 (/opt/ros/humble/share/ament_cmake/cmake)
-- Override CMake install command with custom implementation using symlinks instead of copying resources
-- Found ament_lint_auto: 0.12.11 (/opt/ros/humble/share/ament_lint_auto/cmake)
-- Added test 'cppcheck' to perform static code analysis on C / C++ code
-- Configured cppcheck include dirs: 
-- Configured cppcheck exclude dirs and/or files: 
-- Added test 'flake8' to check Python code syntax and style conventions
-- Added test 'lint_cmake' to check CMake code style
-- Added test 'pep257' to check Python code against some of the docstring style conventions in PEP 257
-- Added test 'uncrustify' to check C / C++ code style
-- Configured uncrustify additional arguments: 
-- Added test 'xmllint' to check XML markup files
-- Configuring done
-- Generating done
-- Build files have been written to: /home/ubuntutbc/mtbc1_ws/src/MockTurtleBotC1-Desktop/mtbc1_viz/build/mtbc1_viz
-- Install configuration: ""
-- Execute custom install script
-- Symlinking: /home/ubuntutbc/mtbc1_ws/src/MockTurtleBotC1-Desktop/mtbc1_viz/install/mtbc1_viz/share/mtbc1_viz/launch/navigation.launch.py
-- Symlinking: /home/ubuntutbc/mtbc1_ws/src/MockTurtleBotC1-Desktop/mtbc1_viz/install/mtbc1_viz/share/mtbc1_viz/launch/robot_model.launch.py
-- Symlinking: /home/ubuntutbc/mtbc1_ws/src/MockTurtleBotC1-Desktop/mtbc1_viz/install/mtbc1_viz/share/mtbc1_viz/launch/slam.launch.py
-- Symlinking: /home/ubuntutbc/mtbc1_ws/src/MockTurtleBotC1-Desktop/mtbc1_viz/install/mtbc1_viz/share/mtbc1_viz/rviz/description.rviz
-- Symlinking: /home/ubuntutbc/mtbc1_ws/src/MockTurtleBotC1-Desktop/mtbc1_viz/install/mtbc1_viz/share/mtbc1_viz/rviz/mtbc1_navigation.rviz
-- Symlinking: /home/ubuntutbc/mtbc1_ws/src/MockTurtleBotC1-Desktop/mtbc1_viz/install/mtbc1_viz/share/mtbc1_viz/rviz/mtbc1_navigation_minimal.rviz
-- Symlinking: /home/ubuntutbc/mtbc1_ws/src/MockTurtleBotC1-Desktop/mtbc1_viz/install/mtbc1_viz/share/mtbc1_viz/rviz/mtbc1_slam
-- Symlinking: /home/ubuntutbc/mtbc1_ws/src/MockTurtleBotC1-Desktop/mtbc1_viz/install/mtbc1_viz/share/ament_index/resource_index/package_run_dependencies/mtbc1_viz
-- Symlinking: /home/ubuntutbc/mtbc1_ws/src/MockTurtleBotC1-Desktop/mtbc1_viz/install/mtbc1_viz/share/ament_index/resource_index/parent_prefix_path/mtbc1_viz
-- Symlinking: /home/ubuntutbc/mtbc1_ws/src/MockTurtleBotC1-Desktop/mtbc1_viz/install/mtbc1_viz/share/mtbc1_viz/environment/ament_prefix_path.sh
-- Symlinking: /home/ubuntutbc/mtbc1_ws/src/MockTurtleBotC1-Desktop/mtbc1_viz/install/mtbc1_viz/share/mtbc1_viz/environment/ament_prefix_path.dsv
-- Symlinking: /home/ubuntutbc/mtbc1_ws/src/MockTurtleBotC1-Desktop/mtbc1_viz/install/mtbc1_viz/share/mtbc1_viz/environment/path.sh
-- Symlinking: /home/ubuntutbc/mtbc1_ws/src/MockTurtleBotC1-Desktop/mtbc1_viz/install/mtbc1_viz/share/mtbc1_viz/environment/path.dsv
-- Symlinking: /home/ubuntutbc/mtbc1_ws/src/MockTurtleBotC1-Desktop/mtbc1_viz/install/mtbc1_viz/share/mtbc1_viz/local_setup.bash
-- Symlinking: /home/ubuntutbc/mtbc1_ws/src/MockTurtleBotC1-Desktop/mtbc1_viz/install/mtbc1_viz/share/mtbc1_viz/local_setup.sh
-- Symlinking: /home/ubuntutbc/mtbc1_ws/src/MockTurtleBotC1-Desktop/mtbc1_viz/install/mtbc1_viz/share/mtbc1_viz/local_setup.zsh
-- Symlinking: /home/ubuntutbc/mtbc1_ws/src/MockTurtleBotC1-Desktop/mtbc1_viz/install/mtbc1_viz/share/mtbc1_viz/local_setup.dsv
-- Symlinking: /home/ubuntutbc/mtbc1_ws/src/MockTurtleBotC1-Desktop/mtbc1_viz/install/mtbc1_viz/share/mtbc1_viz/package.dsv
-- Symlinking: /home/ubuntutbc/mtbc1_ws/src/MockTurtleBotC1-Desktop/mtbc1_viz/install/mtbc1_viz/share/ament_index/resource_index/packages/mtbc1_viz
-- Symlinking: /home/ubuntutbc/mtbc1_ws/src/MockTurtleBotC1-Desktop/mtbc1_viz/install/mtbc1_viz/share/mtbc1_viz/cmake/mtbc1_vizConfig.cmake
-- Symlinking: /home/ubuntutbc/mtbc1_ws/src/MockTurtleBotC1-Desktop/mtbc1_viz/install/mtbc1_viz/share/mtbc1_viz/cmake/mtbc1_vizConfig-version.cmake
-- Symlinking: /home/ubuntutbc/mtbc1_ws/src/MockTurtleBotC1-Desktop/mtbc1_viz/install/mtbc1_viz/share/mtbc1_viz/package.xml
