[0.046s] Invoking command in '/home/ubuntutbc/mtbc1_ws/src/MockTurtleBotC1-Desktop/mtbc1_viz/build/mtbc1_viz': CMAKE_PREFIX_PATH=${CMAKE_PREFIX_PATH}:/opt/ros/humble /usr/bin/cmake /home/ubuntutbc/mtbc1_ws/src/MockTurtleBotC1-Desktop/mtbc1_viz -DAMENT_CMAKE_SYMLINK_INSTALL=1 -DCMAKE_INSTALL_PREFIX=/home/ubuntutbc/mtbc1_ws/src/MockTurtleBotC1-Desktop/mtbc1_viz/install/mtbc1_viz
[0.085s] -- Found ament_cmake: 1.3.9 (/opt/ros/humble/share/ament_cmake/cmake)
[0.444s] -- Override CMake install command with custom implementation using symlinks instead of copying resources
[0.513s] -- Found ament_lint_auto: 0.12.11 (/opt/ros/humble/share/ament_lint_auto/cmake)
[0.844s] -- Added test 'cppcheck' to perform static code analysis on C / C++ code
[0.845s] -- Configured cppcheck include dirs: 
[0.845s] -- Configured cppcheck exclude dirs and/or files: 
[0.850s] -- Added test 'flake8' to check Python code syntax and style conventions
[0.855s] -- Added test 'lint_cmake' to check CMake code style
[0.858s] -- Added test 'pep257' to check Python code against some of the docstring style conventions in PEP 257
[0.870s] -- Added test 'uncrustify' to check C / C++ code style
[0.870s] -- Configured uncrustify additional arguments: 
[0.874s] -- Added test 'xmllint' to check XML markup files
[0.880s] -- Configuring done
[0.887s] -- Generating done
[0.890s] -- Build files have been written to: /home/ubuntutbc/mtbc1_ws/src/MockTurtleBotC1-Desktop/mtbc1_viz/build/mtbc1_viz
[0.900s] Invoked command in '/home/ubuntutbc/mtbc1_ws/src/MockTurtleBotC1-Desktop/mtbc1_viz/build/mtbc1_viz' returned '0': CMAKE_PREFIX_PATH=${CMAKE_PREFIX_PATH}:/opt/ros/humble /usr/bin/cmake /home/ubuntutbc/mtbc1_ws/src/MockTurtleBotC1-Desktop/mtbc1_viz -DAMENT_CMAKE_SYMLINK_INSTALL=1 -DCMAKE_INSTALL_PREFIX=/home/ubuntutbc/mtbc1_ws/src/MockTurtleBotC1-Desktop/mtbc1_viz/install/mtbc1_viz
[0.901s] Invoking command in '/home/ubuntutbc/mtbc1_ws/src/MockTurtleBotC1-Desktop/mtbc1_viz/build/mtbc1_viz': CMAKE_PREFIX_PATH=${CMAKE_PREFIX_PATH}:/opt/ros/humble /usr/bin/cmake --build /home/ubuntutbc/mtbc1_ws/src/MockTurtleBotC1-Desktop/mtbc1_viz/build/mtbc1_viz -- -j4 -l4
[1.016s] Invoked command in '/home/ubuntutbc/mtbc1_ws/src/MockTurtleBotC1-Desktop/mtbc1_viz/build/mtbc1_viz' returned '0': CMAKE_PREFIX_PATH=${CMAKE_PREFIX_PATH}:/opt/ros/humble /usr/bin/cmake --build /home/ubuntutbc/mtbc1_ws/src/MockTurtleBotC1-Desktop/mtbc1_viz/build/mtbc1_viz -- -j4 -l4
[1.220s] Invoking command in '/home/ubuntutbc/mtbc1_ws/src/MockTurtleBotC1-Desktop/mtbc1_viz/build/mtbc1_viz': CMAKE_PREFIX_PATH=${CMAKE_PREFIX_PATH}:/opt/ros/humble /usr/bin/cmake --install /home/ubuntutbc/mtbc1_ws/src/MockTurtleBotC1-Desktop/mtbc1_viz/build/mtbc1_viz
[1.250s] -- Install configuration: ""
[1.252s] -- Execute custom install script
[1.255s] -- Symlinking: /home/ubuntutbc/mtbc1_ws/src/MockTurtleBotC1-Desktop/mtbc1_viz/install/mtbc1_viz/share/mtbc1_viz/launch/navigation.launch.py
[1.279s] -- Symlinking: /home/ubuntutbc/mtbc1_ws/src/MockTurtleBotC1-Desktop/mtbc1_viz/install/mtbc1_viz/share/mtbc1_viz/launch/robot_model.launch.py
[1.304s] -- Symlinking: /home/ubuntutbc/mtbc1_ws/src/MockTurtleBotC1-Desktop/mtbc1_viz/install/mtbc1_viz/share/mtbc1_viz/launch/slam.launch.py
[1.331s] -- Symlinking: /home/ubuntutbc/mtbc1_ws/src/MockTurtleBotC1-Desktop/mtbc1_viz/install/mtbc1_viz/share/mtbc1_viz/rviz/description.rviz
[1.425s] -- Symlinking: /home/ubuntutbc/mtbc1_ws/src/MockTurtleBotC1-Desktop/mtbc1_viz/install/mtbc1_viz/share/mtbc1_viz/rviz/mtbc1_navigation.rviz
[1.469s] -- Symlinking: /home/ubuntutbc/mtbc1_ws/src/MockTurtleBotC1-Desktop/mtbc1_viz/install/mtbc1_viz/share/mtbc1_viz/rviz/mtbc1_navigation_minimal.rviz
[1.515s] -- Symlinking: /home/ubuntutbc/mtbc1_ws/src/MockTurtleBotC1-Desktop/mtbc1_viz/install/mtbc1_viz/share/mtbc1_viz/rviz/mtbc1_slam
[1.553s] -- Symlinking: /home/ubuntutbc/mtbc1_ws/src/MockTurtleBotC1-Desktop/mtbc1_viz/install/mtbc1_viz/share/ament_index/resource_index/package_run_dependencies/mtbc1_viz
[1.555s] -- Symlinking: /home/ubuntutbc/mtbc1_ws/src/MockTurtleBotC1-Desktop/mtbc1_viz/install/mtbc1_viz/share/ament_index/resource_index/parent_prefix_path/mtbc1_viz
[1.582s] -- Symlinking: /home/ubuntutbc/mtbc1_ws/src/MockTurtleBotC1-Desktop/mtbc1_viz/install/mtbc1_viz/share/mtbc1_viz/environment/ament_prefix_path.sh
[1.604s] -- Symlinking: /home/ubuntutbc/mtbc1_ws/src/MockTurtleBotC1-Desktop/mtbc1_viz/install/mtbc1_viz/share/mtbc1_viz/environment/ament_prefix_path.dsv
[1.633s] -- Symlinking: /home/ubuntutbc/mtbc1_ws/src/MockTurtleBotC1-Desktop/mtbc1_viz/install/mtbc1_viz/share/mtbc1_viz/environment/path.sh
[1.649s] -- Symlinking: /home/ubuntutbc/mtbc1_ws/src/MockTurtleBotC1-Desktop/mtbc1_viz/install/mtbc1_viz/share/mtbc1_viz/environment/path.dsv
[1.674s] -- Symlinking: /home/ubuntutbc/mtbc1_ws/src/MockTurtleBotC1-Desktop/mtbc1_viz/install/mtbc1_viz/share/mtbc1_viz/local_setup.bash
[1.716s] -- Symlinking: /home/ubuntutbc/mtbc1_ws/src/MockTurtleBotC1-Desktop/mtbc1_viz/install/mtbc1_viz/share/mtbc1_viz/local_setup.sh
[1.736s] -- Symlinking: /home/ubuntutbc/mtbc1_ws/src/MockTurtleBotC1-Desktop/mtbc1_viz/install/mtbc1_viz/share/mtbc1_viz/local_setup.zsh
[1.755s] -- Symlinking: /home/ubuntutbc/mtbc1_ws/src/MockTurtleBotC1-Desktop/mtbc1_viz/install/mtbc1_viz/share/mtbc1_viz/local_setup.dsv
[1.772s] -- Symlinking: /home/ubuntutbc/mtbc1_ws/src/MockTurtleBotC1-Desktop/mtbc1_viz/install/mtbc1_viz/share/mtbc1_viz/package.dsv
[1.795s] -- Symlinking: /home/ubuntutbc/mtbc1_ws/src/MockTurtleBotC1-Desktop/mtbc1_viz/install/mtbc1_viz/share/ament_index/resource_index/packages/mtbc1_viz
[1.854s] -- Symlinking: /home/ubuntutbc/mtbc1_ws/src/MockTurtleBotC1-Desktop/mtbc1_viz/install/mtbc1_viz/share/mtbc1_viz/cmake/mtbc1_vizConfig.cmake
[1.878s] -- Symlinking: /home/ubuntutbc/mtbc1_ws/src/MockTurtleBotC1-Desktop/mtbc1_viz/install/mtbc1_viz/share/mtbc1_viz/cmake/mtbc1_vizConfig-version.cmake
[1.907s] -- Symlinking: /home/ubuntutbc/mtbc1_ws/src/MockTurtleBotC1-Desktop/mtbc1_viz/install/mtbc1_viz/share/mtbc1_viz/package.xml
[1.977s] Invoked command in '/home/ubuntutbc/mtbc1_ws/src/MockTurtleBotC1-Desktop/mtbc1_viz/build/mtbc1_viz' returned '0': CMAKE_PREFIX_PATH=${CMAKE_PREFIX_PATH}:/opt/ros/humble /usr/bin/cmake --install /home/ubuntutbc/mtbc1_ws/src/MockTurtleBotC1-Desktop/mtbc1_viz/build/mtbc1_viz
