[0.287s] DEBUG:colcon:Command line arguments: ['/usr/bin/colcon', 'list', '-p', '--base-paths', '/home/ubuntutbc/mtbc1_ws/src/MockTurtleBotC1-Desktop']
[0.287s] DEBUG:colcon:Parsed command line arguments: Namespace(log_base=None, log_level=None, verb_name='list', build_base='build', ignore_user_meta=False, metas=['./colcon.meta'], base_paths=['/home/ubuntutbc/mtbc1_ws/src/MockTurtleBotC1-Desktop'], packages_ignore=None, packages_ignore_regex=None, paths=None, packages_up_to=None, packages_up_to_regex=None, packages_above=None, packages_above_and_dependencies=None, packages_above_depth=None, packages_select_by_dep=None, packages_skip_by_dep=None, packages_skip_up_to=None, packages_select_build_failed=False, packages_skip_build_finished=False, packages_select_test_failures=False, packages_skip_test_passed=False, packages_select=None, packages_skip=None, packages_select_regex=None, packages_skip_regex=None, packages_start=None, packages_end=None, allow_overriding=[], topological_order=False, names_only=False, paths_only=True, topological_graph=False, topological_graph_dot=False, topological_graph_density=False, topological_graph_legend=False, topological_graph_dot_cluster=False, topological_graph_dot_include_skipped=False, verb_parser=<colcon_defaults.argument_parser.defaults.DefaultArgumentsDecorator object at 0xf859b238ee60>, verb_extension=<colcon_package_information.verb.list.ListVerb object at 0xf859b238c8e0>, main=<bound method ListVerb.main of <colcon_package_information.verb.list.ListVerb object at 0xf859b238c8e0>>)
[0.637s] Level 1:colcon.colcon_core.package_discovery:discover_packages(colcon_meta) check parameters
[0.638s] Level 1:colcon.colcon_core.package_discovery:discover_packages(recursive) check parameters
[0.638s] Level 1:colcon.colcon_core.package_discovery:discover_packages(ignore) check parameters
[0.638s] Level 1:colcon.colcon_core.package_discovery:discover_packages(path) check parameters
[0.638s] Level 1:colcon.colcon_core.package_discovery:discover_packages(recursive) discover
[0.638s] INFO:colcon.colcon_core.package_discovery:Crawling recursively for packages in '/home/ubuntutbc/mtbc1_ws/src/MockTurtleBotC1-Desktop'
[0.638s] Level 1:colcon.colcon_core.package_identification:_identify(/home/ubuntutbc/mtbc1_ws/src/MockTurtleBotC1-Desktop) by extensions ['ignore', 'ignore_ament_install']
[0.638s] Level 1:colcon.colcon_core.package_identification:_identify(/home/ubuntutbc/mtbc1_ws/src/MockTurtleBotC1-Desktop) by extension 'ignore'
[0.639s] Level 1:colcon.colcon_core.package_identification:_identify(/home/ubuntutbc/mtbc1_ws/src/MockTurtleBotC1-Desktop) by extension 'ignore_ament_install'
[0.639s] Level 1:colcon.colcon_core.package_identification:_identify(/home/ubuntutbc/mtbc1_ws/src/MockTurtleBotC1-Desktop) by extensions ['colcon_pkg']
[0.639s] Level 1:colcon.colcon_core.package_identification:_identify(/home/ubuntutbc/mtbc1_ws/src/MockTurtleBotC1-Desktop) by extension 'colcon_pkg'
[0.639s] Level 1:colcon.colcon_core.package_identification:_identify(/home/ubuntutbc/mtbc1_ws/src/MockTurtleBotC1-Desktop) by extensions ['colcon_meta']
[0.639s] Level 1:colcon.colcon_core.package_identification:_identify(/home/ubuntutbc/mtbc1_ws/src/MockTurtleBotC1-Desktop) by extension 'colcon_meta'
[0.639s] Level 1:colcon.colcon_core.package_identification:_identify(/home/ubuntutbc/mtbc1_ws/src/MockTurtleBotC1-Desktop) by extensions ['ros']
[0.639s] Level 1:colcon.colcon_core.package_identification:_identify(/home/ubuntutbc/mtbc1_ws/src/MockTurtleBotC1-Desktop) by extension 'ros'
[0.829s] Level 1:colcon.colcon_core.package_identification:_identify(/home/ubuntutbc/mtbc1_ws/src/MockTurtleBotC1-Desktop) by extensions ['cmake', 'python']
[0.829s] Level 1:colcon.colcon_core.package_identification:_identify(/home/ubuntutbc/mtbc1_ws/src/MockTurtleBotC1-Desktop) by extension 'cmake'
[0.829s] Level 1:colcon.colcon_core.package_identification:_identify(/home/ubuntutbc/mtbc1_ws/src/MockTurtleBotC1-Desktop) by extension 'python'
[0.845s] Level 1:colcon.colcon_core.package_identification:_identify(/home/ubuntutbc/mtbc1_ws/src/MockTurtleBotC1-Desktop) by extensions ['python_setup_py']
[0.845s] Level 1:colcon.colcon_core.package_identification:_identify(/home/ubuntutbc/mtbc1_ws/src/MockTurtleBotC1-Desktop) by extension 'python_setup_py'
[0.846s] Level 1:colcon.colcon_core.package_identification:_identify(/home/ubuntutbc/mtbc1_ws/src/MockTurtleBotC1-Desktop/log) by extensions ['ignore', 'ignore_ament_install']
[0.846s] Level 1:colcon.colcon_core.package_identification:_identify(/home/ubuntutbc/mtbc1_ws/src/MockTurtleBotC1-Desktop/log) by extension 'ignore'
[0.846s] Level 1:colcon.colcon_core.package_identification:_identify(/home/ubuntutbc/mtbc1_ws/src/MockTurtleBotC1-Desktop/log) ignored
[0.846s] Level 1:colcon.colcon_core.package_identification:_identify(/home/ubuntutbc/mtbc1_ws/src/MockTurtleBotC1-Desktop/mtbc1_navigation) by extensions ['ignore', 'ignore_ament_install']
[0.846s] Level 1:colcon.colcon_core.package_identification:_identify(/home/ubuntutbc/mtbc1_ws/src/MockTurtleBotC1-Desktop/mtbc1_navigation) by extension 'ignore'
[0.846s] Level 1:colcon.colcon_core.package_identification:_identify(/home/ubuntutbc/mtbc1_ws/src/MockTurtleBotC1-Desktop/mtbc1_navigation) by extension 'ignore_ament_install'
[0.846s] Level 1:colcon.colcon_core.package_identification:_identify(/home/ubuntutbc/mtbc1_ws/src/MockTurtleBotC1-Desktop/mtbc1_navigation) by extensions ['colcon_pkg']
[0.846s] Level 1:colcon.colcon_core.package_identification:_identify(/home/ubuntutbc/mtbc1_ws/src/MockTurtleBotC1-Desktop/mtbc1_navigation) by extension 'colcon_pkg'
[0.846s] Level 1:colcon.colcon_core.package_identification:_identify(/home/ubuntutbc/mtbc1_ws/src/MockTurtleBotC1-Desktop/mtbc1_navigation) by extensions ['colcon_meta']
[0.846s] Level 1:colcon.colcon_core.package_identification:_identify(/home/ubuntutbc/mtbc1_ws/src/MockTurtleBotC1-Desktop/mtbc1_navigation) by extension 'colcon_meta'
[0.846s] Level 1:colcon.colcon_core.package_identification:_identify(/home/ubuntutbc/mtbc1_ws/src/MockTurtleBotC1-Desktop/mtbc1_navigation) by extensions ['ros']
[0.846s] Level 1:colcon.colcon_core.package_identification:_identify(/home/ubuntutbc/mtbc1_ws/src/MockTurtleBotC1-Desktop/mtbc1_navigation) by extension 'ros'
[0.846s] Level 1:colcon.colcon_core.package_identification:_identify(/home/ubuntutbc/mtbc1_ws/src/MockTurtleBotC1-Desktop/mtbc1_navigation) by extensions ['cmake', 'python']
[0.846s] Level 1:colcon.colcon_core.package_identification:_identify(/home/ubuntutbc/mtbc1_ws/src/MockTurtleBotC1-Desktop/mtbc1_navigation) by extension 'cmake'
[0.846s] Level 1:colcon.colcon_core.package_identification:_identify(/home/ubuntutbc/mtbc1_ws/src/MockTurtleBotC1-Desktop/mtbc1_navigation) by extension 'python'
[0.846s] Level 1:colcon.colcon_core.package_identification:_identify(/home/ubuntutbc/mtbc1_ws/src/MockTurtleBotC1-Desktop/mtbc1_navigation) by extensions ['python_setup_py']
[0.846s] Level 1:colcon.colcon_core.package_identification:_identify(/home/ubuntutbc/mtbc1_ws/src/MockTurtleBotC1-Desktop/mtbc1_navigation) by extension 'python_setup_py'
[0.847s] Level 1:colcon.colcon_core.package_identification:_identify(/home/ubuntutbc/mtbc1_ws/src/MockTurtleBotC1-Desktop/mtbc1_navigation/config) by extensions ['ignore', 'ignore_ament_install']
[0.847s] Level 1:colcon.colcon_core.package_identification:_identify(/home/ubuntutbc/mtbc1_ws/src/MockTurtleBotC1-Desktop/mtbc1_navigation/config) by extension 'ignore'
[0.847s] Level 1:colcon.colcon_core.package_identification:_identify(/home/ubuntutbc/mtbc1_ws/src/MockTurtleBotC1-Desktop/mtbc1_navigation/config) by extension 'ignore_ament_install'
[0.847s] Level 1:colcon.colcon_core.package_identification:_identify(/home/ubuntutbc/mtbc1_ws/src/MockTurtleBotC1-Desktop/mtbc1_navigation/config) by extensions ['colcon_pkg']
[0.847s] Level 1:colcon.colcon_core.package_identification:_identify(/home/ubuntutbc/mtbc1_ws/src/MockTurtleBotC1-Desktop/mtbc1_navigation/config) by extension 'colcon_pkg'
[0.847s] Level 1:colcon.colcon_core.package_identification:_identify(/home/ubuntutbc/mtbc1_ws/src/MockTurtleBotC1-Desktop/mtbc1_navigation/config) by extensions ['colcon_meta']
[0.847s] Level 1:colcon.colcon_core.package_identification:_identify(/home/ubuntutbc/mtbc1_ws/src/MockTurtleBotC1-Desktop/mtbc1_navigation/config) by extension 'colcon_meta'
[0.847s] Level 1:colcon.colcon_core.package_identification:_identify(/home/ubuntutbc/mtbc1_ws/src/MockTurtleBotC1-Desktop/mtbc1_navigation/config) by extensions ['ros']
[0.847s] Level 1:colcon.colcon_core.package_identification:_identify(/home/ubuntutbc/mtbc1_ws/src/MockTurtleBotC1-Desktop/mtbc1_navigation/config) by extension 'ros'
[0.847s] Level 1:colcon.colcon_core.package_identification:_identify(/home/ubuntutbc/mtbc1_ws/src/MockTurtleBotC1-Desktop/mtbc1_navigation/config) by extensions ['cmake', 'python']
[0.847s] Level 1:colcon.colcon_core.package_identification:_identify(/home/ubuntutbc/mtbc1_ws/src/MockTurtleBotC1-Desktop/mtbc1_navigation/config) by extension 'cmake'
[0.847s] Level 1:colcon.colcon_core.package_identification:_identify(/home/ubuntutbc/mtbc1_ws/src/MockTurtleBotC1-Desktop/mtbc1_navigation/config) by extension 'python'
[0.847s] Level 1:colcon.colcon_core.package_identification:_identify(/home/ubuntutbc/mtbc1_ws/src/MockTurtleBotC1-Desktop/mtbc1_navigation/config) by extensions ['python_setup_py']
[0.847s] Level 1:colcon.colcon_core.package_identification:_identify(/home/ubuntutbc/mtbc1_ws/src/MockTurtleBotC1-Desktop/mtbc1_navigation/config) by extension 'python_setup_py'
[0.847s] Level 1:colcon.colcon_core.package_identification:_identify(/home/ubuntutbc/mtbc1_ws/src/MockTurtleBotC1-Desktop/mtbc1_navigation/config/launch) by extensions ['ignore', 'ignore_ament_install']
[0.847s] Level 1:colcon.colcon_core.package_identification:_identify(/home/ubuntutbc/mtbc1_ws/src/MockTurtleBotC1-Desktop/mtbc1_navigation/config/launch) by extension 'ignore'
[0.847s] Level 1:colcon.colcon_core.package_identification:_identify(/home/ubuntutbc/mtbc1_ws/src/MockTurtleBotC1-Desktop/mtbc1_navigation/config/launch) by extension 'ignore_ament_install'
[0.847s] Level 1:colcon.colcon_core.package_identification:_identify(/home/ubuntutbc/mtbc1_ws/src/MockTurtleBotC1-Desktop/mtbc1_navigation/config/launch) by extensions ['colcon_pkg']
[0.847s] Level 1:colcon.colcon_core.package_identification:_identify(/home/ubuntutbc/mtbc1_ws/src/MockTurtleBotC1-Desktop/mtbc1_navigation/config/launch) by extension 'colcon_pkg'
[0.847s] Level 1:colcon.colcon_core.package_identification:_identify(/home/ubuntutbc/mtbc1_ws/src/MockTurtleBotC1-Desktop/mtbc1_navigation/config/launch) by extensions ['colcon_meta']
[0.847s] Level 1:colcon.colcon_core.package_identification:_identify(/home/ubuntutbc/mtbc1_ws/src/MockTurtleBotC1-Desktop/mtbc1_navigation/config/launch) by extension 'colcon_meta'
[0.847s] Level 1:colcon.colcon_core.package_identification:_identify(/home/ubuntutbc/mtbc1_ws/src/MockTurtleBotC1-Desktop/mtbc1_navigation/config/launch) by extensions ['ros']
[0.847s] Level 1:colcon.colcon_core.package_identification:_identify(/home/ubuntutbc/mtbc1_ws/src/MockTurtleBotC1-Desktop/mtbc1_navigation/config/launch) by extension 'ros'
[0.847s] Level 1:colcon.colcon_core.package_identification:_identify(/home/ubuntutbc/mtbc1_ws/src/MockTurtleBotC1-Desktop/mtbc1_navigation/config/launch) by extensions ['cmake', 'python']
[0.847s] Level 1:colcon.colcon_core.package_identification:_identify(/home/ubuntutbc/mtbc1_ws/src/MockTurtleBotC1-Desktop/mtbc1_navigation/config/launch) by extension 'cmake'
[0.847s] Level 1:colcon.colcon_core.package_identification:_identify(/home/ubuntutbc/mtbc1_ws/src/MockTurtleBotC1-Desktop/mtbc1_navigation/config/launch) by extension 'python'
[0.847s] Level 1:colcon.colcon_core.package_identification:_identify(/home/ubuntutbc/mtbc1_ws/src/MockTurtleBotC1-Desktop/mtbc1_navigation/config/launch) by extensions ['python_setup_py']
[0.847s] Level 1:colcon.colcon_core.package_identification:_identify(/home/ubuntutbc/mtbc1_ws/src/MockTurtleBotC1-Desktop/mtbc1_navigation/config/launch) by extension 'python_setup_py'
[0.847s] Level 1:colcon.colcon_core.package_identification:_identify(/home/ubuntutbc/mtbc1_ws/src/MockTurtleBotC1-Desktop/mtbc1_navigation/config/launch/maps) by extensions ['ignore', 'ignore_ament_install']
[0.847s] Level 1:colcon.colcon_core.package_identification:_identify(/home/ubuntutbc/mtbc1_ws/src/MockTurtleBotC1-Desktop/mtbc1_navigation/config/launch/maps) by extension 'ignore'
[0.847s] Level 1:colcon.colcon_core.package_identification:_identify(/home/ubuntutbc/mtbc1_ws/src/MockTurtleBotC1-Desktop/mtbc1_navigation/config/launch/maps) by extension 'ignore_ament_install'
[0.847s] Level 1:colcon.colcon_core.package_identification:_identify(/home/ubuntutbc/mtbc1_ws/src/MockTurtleBotC1-Desktop/mtbc1_navigation/config/launch/maps) by extensions ['colcon_pkg']
[0.848s] Level 1:colcon.colcon_core.package_identification:_identify(/home/ubuntutbc/mtbc1_ws/src/MockTurtleBotC1-Desktop/mtbc1_navigation/config/launch/maps) by extension 'colcon_pkg'
[0.848s] Level 1:colcon.colcon_core.package_identification:_identify(/home/ubuntutbc/mtbc1_ws/src/MockTurtleBotC1-Desktop/mtbc1_navigation/config/launch/maps) by extensions ['colcon_meta']
[0.848s] Level 1:colcon.colcon_core.package_identification:_identify(/home/ubuntutbc/mtbc1_ws/src/MockTurtleBotC1-Desktop/mtbc1_navigation/config/launch/maps) by extension 'colcon_meta'
[0.848s] Level 1:colcon.colcon_core.package_identification:_identify(/home/ubuntutbc/mtbc1_ws/src/MockTurtleBotC1-Desktop/mtbc1_navigation/config/launch/maps) by extensions ['ros']
[0.848s] Level 1:colcon.colcon_core.package_identification:_identify(/home/ubuntutbc/mtbc1_ws/src/MockTurtleBotC1-Desktop/mtbc1_navigation/config/launch/maps) by extension 'ros'
[0.848s] Level 1:colcon.colcon_core.package_identification:_identify(/home/ubuntutbc/mtbc1_ws/src/MockTurtleBotC1-Desktop/mtbc1_navigation/config/launch/maps) by extensions ['cmake', 'python']
[0.848s] Level 1:colcon.colcon_core.package_identification:_identify(/home/ubuntutbc/mtbc1_ws/src/MockTurtleBotC1-Desktop/mtbc1_navigation/config/launch/maps) by extension 'cmake'
[0.848s] Level 1:colcon.colcon_core.package_identification:_identify(/home/ubuntutbc/mtbc1_ws/src/MockTurtleBotC1-Desktop/mtbc1_navigation/config/launch/maps) by extension 'python'
[0.848s] Level 1:colcon.colcon_core.package_identification:_identify(/home/ubuntutbc/mtbc1_ws/src/MockTurtleBotC1-Desktop/mtbc1_navigation/config/launch/maps) by extensions ['python_setup_py']
[0.848s] Level 1:colcon.colcon_core.package_identification:_identify(/home/ubuntutbc/mtbc1_ws/src/MockTurtleBotC1-Desktop/mtbc1_navigation/config/launch/maps) by extension 'python_setup_py'
[0.848s] Level 1:colcon.colcon_core.package_identification:_identify(/home/ubuntutbc/mtbc1_ws/src/MockTurtleBotC1-Desktop/mtbc1_navigation/config/launch/maps/rviz) by extensions ['ignore', 'ignore_ament_install']
[0.848s] Level 1:colcon.colcon_core.package_identification:_identify(/home/ubuntutbc/mtbc1_ws/src/MockTurtleBotC1-Desktop/mtbc1_navigation/config/launch/maps/rviz) by extension 'ignore'
[0.848s] Level 1:colcon.colcon_core.package_identification:_identify(/home/ubuntutbc/mtbc1_ws/src/MockTurtleBotC1-Desktop/mtbc1_navigation/config/launch/maps/rviz) by extension 'ignore_ament_install'
[0.848s] Level 1:colcon.colcon_core.package_identification:_identify(/home/ubuntutbc/mtbc1_ws/src/MockTurtleBotC1-Desktop/mtbc1_navigation/config/launch/maps/rviz) by extensions ['colcon_pkg']
[0.848s] Level 1:colcon.colcon_core.package_identification:_identify(/home/ubuntutbc/mtbc1_ws/src/MockTurtleBotC1-Desktop/mtbc1_navigation/config/launch/maps/rviz) by extension 'colcon_pkg'
[0.848s] Level 1:colcon.colcon_core.package_identification:_identify(/home/ubuntutbc/mtbc1_ws/src/MockTurtleBotC1-Desktop/mtbc1_navigation/config/launch/maps/rviz) by extensions ['colcon_meta']
[0.848s] Level 1:colcon.colcon_core.package_identification:_identify(/home/ubuntutbc/mtbc1_ws/src/MockTurtleBotC1-Desktop/mtbc1_navigation/config/launch/maps/rviz) by extension 'colcon_meta'
[0.848s] Level 1:colcon.colcon_core.package_identification:_identify(/home/ubuntutbc/mtbc1_ws/src/MockTurtleBotC1-Desktop/mtbc1_navigation/config/launch/maps/rviz) by extensions ['ros']
[0.848s] Level 1:colcon.colcon_core.package_identification:_identify(/home/ubuntutbc/mtbc1_ws/src/MockTurtleBotC1-Desktop/mtbc1_navigation/config/launch/maps/rviz) by extension 'ros'
[0.848s] Level 1:colcon.colcon_core.package_identification:_identify(/home/ubuntutbc/mtbc1_ws/src/MockTurtleBotC1-Desktop/mtbc1_navigation/config/launch/maps/rviz) by extensions ['cmake', 'python']
[0.848s] Level 1:colcon.colcon_core.package_identification:_identify(/home/ubuntutbc/mtbc1_ws/src/MockTurtleBotC1-Desktop/mtbc1_navigation/config/launch/maps/rviz) by extension 'cmake'
[0.848s] Level 1:colcon.colcon_core.package_identification:_identify(/home/ubuntutbc/mtbc1_ws/src/MockTurtleBotC1-Desktop/mtbc1_navigation/config/launch/maps/rviz) by extension 'python'
[0.848s] Level 1:colcon.colcon_core.package_identification:_identify(/home/ubuntutbc/mtbc1_ws/src/MockTurtleBotC1-Desktop/mtbc1_navigation/config/launch/maps/rviz) by extensions ['python_setup_py']
[0.848s] Level 1:colcon.colcon_core.package_identification:_identify(/home/ubuntutbc/mtbc1_ws/src/MockTurtleBotC1-Desktop/mtbc1_navigation/config/launch/maps/rviz) by extension 'python_setup_py'
[0.848s] Level 1:colcon.colcon_core.package_discovery:discover_packages(recursive) using defaults
