[0.393s] DEBUG:colcon:Command line arguments: ['/usr/bin/colcon', 'build', '--symlink-install', '--packages-select', 'mtbc1_viz']
[0.393s] DEBUG:colcon:Parsed command line arguments: Namespace(log_base=None, log_level=None, verb_name='build', build_base='build', install_base='install', merge_install=False, symlink_install=True, test_result_base=None, continue_on_error=False, executor='parallel', parallel_workers=4, event_handlers=None, ignore_user_meta=False, metas=['./colcon.meta'], base_paths=['.'], packages_ignore=None, packages_ignore_regex=None, paths=None, packages_up_to=None, packages_up_to_regex=None, packages_above=None, packages_above_and_dependencies=None, packages_above_depth=None, packages_select_by_dep=None, packages_skip_by_dep=None, packages_skip_up_to=None, packages_select_build_failed=False, packages_skip_build_finished=False, packages_select_test_failures=False, packages_skip_test_passed=False, packages_select=['mtbc1_viz'], packages_skip=None, packages_select_regex=None, packages_skip_regex=None, packages_start=None, packages_end=None, allow_overriding=[], cmake_args=None, cmake_target=None, cmake_target_skip_unavailable=False, cmake_clean_cache=False, cmake_clean_first=False, cmake_force_configure=False, ament_cmake_args=None, catkin_cmake_args=None, catkin_skip_building_tests=False, verb_parser=<colcon_defaults.argument_parser.defaults.DefaultArgumentsDecorator object at 0xede525a8ace0>, verb_extension=<colcon_core.verb.build.BuildVerb object at 0xede525a43520>, main=<bound method BuildVerb.main of <colcon_core.verb.build.BuildVerb object at 0xede525a43520>>)
[0.868s] Level 1:colcon.colcon_core.package_discovery:discover_packages(colcon_meta) check parameters
[0.869s] Level 1:colcon.colcon_core.package_discovery:discover_packages(recursive) check parameters
[0.869s] Level 1:colcon.colcon_core.package_discovery:discover_packages(ignore) check parameters
[0.869s] Level 1:colcon.colcon_core.package_discovery:discover_packages(path) check parameters
[0.869s] Level 1:colcon.colcon_core.package_discovery:discover_packages(colcon_meta) discover
[0.870s] Level 1:colcon.colcon_core.package_discovery:discover_packages(recursive) discover
[0.870s] INFO:colcon.colcon_core.package_discovery:Crawling recursively for packages in '/home/ubuntutbc/mtbc1_ws/src/MockTurtleBotC1-Desktop/mtbc1_viz'
[0.871s] Level 1:colcon.colcon_core.package_identification:_identify(.) by extensions ['ignore', 'ignore_ament_install']
[0.871s] Level 1:colcon.colcon_core.package_identification:_identify(.) by extension 'ignore'
[0.871s] Level 1:colcon.colcon_core.package_identification:_identify(.) by extension 'ignore_ament_install'
[0.872s] Level 1:colcon.colcon_core.package_identification:_identify(.) by extensions ['colcon_pkg']
[0.872s] Level 1:colcon.colcon_core.package_identification:_identify(.) by extension 'colcon_pkg'
[0.872s] Level 1:colcon.colcon_core.package_identification:_identify(.) by extensions ['colcon_meta']
[0.872s] Level 1:colcon.colcon_core.package_identification:_identify(.) by extension 'colcon_meta'
[0.873s] Level 1:colcon.colcon_core.package_identification:_identify(.) by extensions ['ros']
[0.873s] Level 1:colcon.colcon_core.package_identification:_identify(.) by extension 'ros'
[0.932s] DEBUG:colcon.colcon_core.package_identification:Package '.' with type 'ros.ament_cmake' and name 'mtbc1_viz'
[0.933s] Level 1:colcon.colcon_core.package_discovery:discover_packages(recursive) using defaults
[0.933s] Level 1:colcon.colcon_core.package_discovery:discover_packages(ignore) discover
[0.933s] Level 1:colcon.colcon_core.package_discovery:discover_packages(ignore) using defaults
[0.933s] Level 1:colcon.colcon_core.package_discovery:discover_packages(path) discover
[0.934s] Level 1:colcon.colcon_core.package_discovery:discover_packages(path) using defaults
[0.981s] Level 1:colcon.colcon_core.package_discovery:discover_packages(prefix_path) check parameters
[0.982s] Level 1:colcon.colcon_core.package_discovery:discover_packages(prefix_path) discover
[0.988s] DEBUG:colcon.colcon_installed_package_information.package_discovery:Found 3 installed packages in /home/ubuntutbc/mtbc1_ws/install
[0.989s] DEBUG:colcon.colcon_installed_package_information.package_discovery:Found 6 installed packages in /home/ubuntutbc/create_ws/install
[0.992s] DEBUG:colcon.colcon_installed_package_information.package_discovery:Found 0 installed packages in /home/ubuntutbc/mtc_ws/install
[0.993s] DEBUG:colcon.colcon_installed_package_information.package_discovery:Found 0 installed packages in /home/ubuntutbc/linorobot2_ws/install
[0.994s] DEBUG:colcon.colcon_installed_package_information.package_discovery:Found 12 installed packages in /home/ubuntutbc/rosgz_ws/install
[0.996s] DEBUG:colcon.colcon_installed_package_information.package_discovery:Found 1 installed packages in /home/ubuntutbc/ut_ws/install
[0.998s] DEBUG:colcon.colcon_installed_package_information.package_discovery:Found 366 installed packages in /opt/ros/humble
[1.005s] Level 1:colcon.colcon_core.package_discovery:discover_packages(prefix_path) using defaults
[1.116s] Level 5:colcon.colcon_core.verb:set package 'mtbc1_viz' build argument 'cmake_args' from command line to 'None'
[1.117s] Level 5:colcon.colcon_core.verb:set package 'mtbc1_viz' build argument 'cmake_target' from command line to 'None'
[1.118s] Level 5:colcon.colcon_core.verb:set package 'mtbc1_viz' build argument 'cmake_target_skip_unavailable' from command line to 'False'
[1.118s] Level 5:colcon.colcon_core.verb:set package 'mtbc1_viz' build argument 'cmake_clean_cache' from command line to 'False'
[1.118s] Level 5:colcon.colcon_core.verb:set package 'mtbc1_viz' build argument 'cmake_clean_first' from command line to 'False'
[1.118s] Level 5:colcon.colcon_core.verb:set package 'mtbc1_viz' build argument 'cmake_force_configure' from command line to 'False'
[1.119s] Level 5:colcon.colcon_core.verb:set package 'mtbc1_viz' build argument 'ament_cmake_args' from command line to 'None'
[1.119s] Level 5:colcon.colcon_core.verb:set package 'mtbc1_viz' build argument 'catkin_cmake_args' from command line to 'None'
[1.119s] Level 5:colcon.colcon_core.verb:set package 'mtbc1_viz' build argument 'catkin_skip_building_tests' from command line to 'False'
[1.119s] DEBUG:colcon.colcon_core.verb:Building package 'mtbc1_viz' with the following arguments: {'ament_cmake_args': None, 'build_base': '/home/ubuntutbc/mtbc1_ws/src/MockTurtleBotC1-Desktop/mtbc1_viz/build/mtbc1_viz', 'catkin_cmake_args': None, 'catkin_skip_building_tests': False, 'cmake_args': None, 'cmake_clean_cache': False, 'cmake_clean_first': False, 'cmake_force_configure': False, 'cmake_target': None, 'cmake_target_skip_unavailable': False, 'install_base': '/home/ubuntutbc/mtbc1_ws/src/MockTurtleBotC1-Desktop/mtbc1_viz/install/mtbc1_viz', 'merge_install': False, 'path': '/home/ubuntutbc/mtbc1_ws/src/MockTurtleBotC1-Desktop/mtbc1_viz', 'symlink_install': True, 'test_result_base': None}
[1.120s] INFO:colcon.colcon_core.executor:Executing jobs using 'parallel' executor
[1.122s] DEBUG:colcon.colcon_parallel_executor.executor.parallel:run_until_complete
[1.125s] INFO:colcon.colcon_ros.task.ament_cmake.build:Building ROS package in '/home/ubuntutbc/mtbc1_ws/src/MockTurtleBotC1-Desktop/mtbc1_viz' with build type 'ament_cmake'
[1.125s] INFO:colcon.colcon_cmake.task.cmake.build:Building CMake package in '/home/ubuntutbc/mtbc1_ws/src/MockTurtleBotC1-Desktop/mtbc1_viz'
[1.129s] INFO:colcon.colcon_core.plugin_system:Skipping extension 'colcon_core.shell.bat': Not used on non-Windows systems
[1.130s] INFO:colcon.colcon_core.shell:Skip shell extension 'powershell' for command environment: Not usable outside of PowerShell
[1.130s] DEBUG:colcon.colcon_core.shell:Skip shell extension 'dsv' for command environment
[1.172s] DEBUG:colcon.colcon_core.event_handler.log_command:Invoking command in '/home/ubuntutbc/mtbc1_ws/src/MockTurtleBotC1-Desktop/mtbc1_viz/build/mtbc1_viz': CMAKE_PREFIX_PATH=${CMAKE_PREFIX_PATH}:/opt/ros/humble /usr/bin/cmake /home/ubuntutbc/mtbc1_ws/src/MockTurtleBotC1-Desktop/mtbc1_viz -DAMENT_CMAKE_SYMLINK_INSTALL=1 -DCMAKE_INSTALL_PREFIX=/home/ubuntutbc/mtbc1_ws/src/MockTurtleBotC1-Desktop/mtbc1_viz/install/mtbc1_viz
[2.026s] DEBUG:colcon.colcon_core.event_handler.log_command:Invoked command in '/home/ubuntutbc/mtbc1_ws/src/MockTurtleBotC1-Desktop/mtbc1_viz/build/mtbc1_viz' returned '0': CMAKE_PREFIX_PATH=${CMAKE_PREFIX_PATH}:/opt/ros/humble /usr/bin/cmake /home/ubuntutbc/mtbc1_ws/src/MockTurtleBotC1-Desktop/mtbc1_viz -DAMENT_CMAKE_SYMLINK_INSTALL=1 -DCMAKE_INSTALL_PREFIX=/home/ubuntutbc/mtbc1_ws/src/MockTurtleBotC1-Desktop/mtbc1_viz/install/mtbc1_viz
[2.027s] DEBUG:colcon.colcon_core.event_handler.log_command:Invoking command in '/home/ubuntutbc/mtbc1_ws/src/MockTurtleBotC1-Desktop/mtbc1_viz/build/mtbc1_viz': CMAKE_PREFIX_PATH=${CMAKE_PREFIX_PATH}:/opt/ros/humble /usr/bin/cmake --build /home/ubuntutbc/mtbc1_ws/src/MockTurtleBotC1-Desktop/mtbc1_viz/build/mtbc1_viz -- -j4 -l4
[2.142s] DEBUG:colcon.colcon_core.event_handler.log_command:Invoked command in '/home/ubuntutbc/mtbc1_ws/src/MockTurtleBotC1-Desktop/mtbc1_viz/build/mtbc1_viz' returned '0': CMAKE_PREFIX_PATH=${CMAKE_PREFIX_PATH}:/opt/ros/humble /usr/bin/cmake --build /home/ubuntutbc/mtbc1_ws/src/MockTurtleBotC1-Desktop/mtbc1_viz/build/mtbc1_viz -- -j4 -l4
[2.345s] DEBUG:colcon.colcon_core.event_handler.log_command:Invoking command in '/home/ubuntutbc/mtbc1_ws/src/MockTurtleBotC1-Desktop/mtbc1_viz/build/mtbc1_viz': CMAKE_PREFIX_PATH=${CMAKE_PREFIX_PATH}:/opt/ros/humble /usr/bin/cmake --install /home/ubuntutbc/mtbc1_ws/src/MockTurtleBotC1-Desktop/mtbc1_viz/build/mtbc1_viz
[3.054s] Level 1:colcon.colcon_core.environment:create_environment_scripts_only(mtbc1_viz)
[3.102s] DEBUG:colcon.colcon_core.event_handler.log_command:Invoked command in '/home/ubuntutbc/mtbc1_ws/src/MockTurtleBotC1-Desktop/mtbc1_viz/build/mtbc1_viz' returned '0': CMAKE_PREFIX_PATH=${CMAKE_PREFIX_PATH}:/opt/ros/humble /usr/bin/cmake --install /home/ubuntutbc/mtbc1_ws/src/MockTurtleBotC1-Desktop/mtbc1_viz/build/mtbc1_viz
[3.105s] Level 1:colcon.colcon_core.environment:checking '/home/ubuntutbc/mtbc1_ws/src/MockTurtleBotC1-Desktop/mtbc1_viz/install/mtbc1_viz' for CMake module files
[3.107s] Level 1:colcon.colcon_core.environment:checking '/home/ubuntutbc/mtbc1_ws/src/MockTurtleBotC1-Desktop/mtbc1_viz/install/mtbc1_viz' for CMake config files
[3.107s] Level 1:colcon.colcon_core.shell:create_environment_hook('mtbc1_viz', 'cmake_prefix_path')
[3.108s] INFO:colcon.colcon_core.shell:Creating environment hook '/home/ubuntutbc/mtbc1_ws/src/MockTurtleBotC1-Desktop/mtbc1_viz/install/mtbc1_viz/share/mtbc1_viz/hook/cmake_prefix_path.ps1'
[3.109s] INFO:colcon.colcon_core.shell:Creating environment descriptor '/home/ubuntutbc/mtbc1_ws/src/MockTurtleBotC1-Desktop/mtbc1_viz/install/mtbc1_viz/share/mtbc1_viz/hook/cmake_prefix_path.dsv'
[3.110s] INFO:colcon.colcon_core.shell:Creating environment hook '/home/ubuntutbc/mtbc1_ws/src/MockTurtleBotC1-Desktop/mtbc1_viz/install/mtbc1_viz/share/mtbc1_viz/hook/cmake_prefix_path.sh'
[3.121s] Level 1:colcon.colcon_core.environment:checking '/home/ubuntutbc/mtbc1_ws/src/MockTurtleBotC1-Desktop/mtbc1_viz/install/mtbc1_viz/bin'
[3.121s] Level 1:colcon.colcon_core.environment:checking '/home/ubuntutbc/mtbc1_ws/src/MockTurtleBotC1-Desktop/mtbc1_viz/install/mtbc1_viz/lib/pkgconfig/mtbc1_viz.pc'
[3.122s] Level 1:colcon.colcon_core.environment:checking '/home/ubuntutbc/mtbc1_ws/src/MockTurtleBotC1-Desktop/mtbc1_viz/install/mtbc1_viz/lib/python3.10/site-packages'
[3.123s] Level 1:colcon.colcon_core.environment:checking '/home/ubuntutbc/mtbc1_ws/src/MockTurtleBotC1-Desktop/mtbc1_viz/install/mtbc1_viz/bin'
[3.124s] INFO:colcon.colcon_core.shell:Creating package script '/home/ubuntutbc/mtbc1_ws/src/MockTurtleBotC1-Desktop/mtbc1_viz/install/mtbc1_viz/share/mtbc1_viz/package.ps1'
[3.126s] INFO:colcon.colcon_core.shell:Creating package descriptor '/home/ubuntutbc/mtbc1_ws/src/MockTurtleBotC1-Desktop/mtbc1_viz/install/mtbc1_viz/share/mtbc1_viz/package.dsv'
[3.127s] INFO:colcon.colcon_core.shell:Creating package script '/home/ubuntutbc/mtbc1_ws/src/MockTurtleBotC1-Desktop/mtbc1_viz/install/mtbc1_viz/share/mtbc1_viz/package.sh'
[3.129s] INFO:colcon.colcon_core.shell:Creating package script '/home/ubuntutbc/mtbc1_ws/src/MockTurtleBotC1-Desktop/mtbc1_viz/install/mtbc1_viz/share/mtbc1_viz/package.bash'
[3.130s] INFO:colcon.colcon_core.shell:Creating package script '/home/ubuntutbc/mtbc1_ws/src/MockTurtleBotC1-Desktop/mtbc1_viz/install/mtbc1_viz/share/mtbc1_viz/package.zsh'
[3.132s] Level 1:colcon.colcon_core.environment:create_file_with_runtime_dependencies(/home/ubuntutbc/mtbc1_ws/src/MockTurtleBotC1-Desktop/mtbc1_viz/install/mtbc1_viz/share/colcon-core/packages/mtbc1_viz)
[3.199s] Level 1:colcon.colcon_core.environment:create_environment_scripts_only(mtbc1_viz)
[3.199s] Level 1:colcon.colcon_core.environment:checking '/home/ubuntutbc/mtbc1_ws/src/MockTurtleBotC1-Desktop/mtbc1_viz/install/mtbc1_viz' for CMake module files
[3.200s] Level 1:colcon.colcon_core.environment:checking '/home/ubuntutbc/mtbc1_ws/src/MockTurtleBotC1-Desktop/mtbc1_viz/install/mtbc1_viz' for CMake config files
[3.201s] Level 1:colcon.colcon_core.shell:create_environment_hook('mtbc1_viz', 'cmake_prefix_path')
[3.202s] INFO:colcon.colcon_core.shell:Creating environment hook '/home/ubuntutbc/mtbc1_ws/src/MockTurtleBotC1-Desktop/mtbc1_viz/install/mtbc1_viz/share/mtbc1_viz/hook/cmake_prefix_path.ps1'
[3.203s] INFO:colcon.colcon_core.shell:Creating environment descriptor '/home/ubuntutbc/mtbc1_ws/src/MockTurtleBotC1-Desktop/mtbc1_viz/install/mtbc1_viz/share/mtbc1_viz/hook/cmake_prefix_path.dsv'
[3.205s] INFO:colcon.colcon_core.shell:Creating environment hook '/home/ubuntutbc/mtbc1_ws/src/MockTurtleBotC1-Desktop/mtbc1_viz/install/mtbc1_viz/share/mtbc1_viz/hook/cmake_prefix_path.sh'
[3.207s] Level 1:colcon.colcon_core.environment:checking '/home/ubuntutbc/mtbc1_ws/src/MockTurtleBotC1-Desktop/mtbc1_viz/install/mtbc1_viz/bin'
[3.207s] Level 1:colcon.colcon_core.environment:checking '/home/ubuntutbc/mtbc1_ws/src/MockTurtleBotC1-Desktop/mtbc1_viz/install/mtbc1_viz/lib/pkgconfig/mtbc1_viz.pc'
[3.208s] Level 1:colcon.colcon_core.environment:checking '/home/ubuntutbc/mtbc1_ws/src/MockTurtleBotC1-Desktop/mtbc1_viz/install/mtbc1_viz/lib/python3.10/site-packages'
[3.208s] Level 1:colcon.colcon_core.environment:checking '/home/ubuntutbc/mtbc1_ws/src/MockTurtleBotC1-Desktop/mtbc1_viz/install/mtbc1_viz/bin'
[3.209s] INFO:colcon.colcon_core.shell:Creating package script '/home/ubuntutbc/mtbc1_ws/src/MockTurtleBotC1-Desktop/mtbc1_viz/install/mtbc1_viz/share/mtbc1_viz/package.ps1'
[3.216s] INFO:colcon.colcon_core.shell:Creating package descriptor '/home/ubuntutbc/mtbc1_ws/src/MockTurtleBotC1-Desktop/mtbc1_viz/install/mtbc1_viz/share/mtbc1_viz/package.dsv'
[3.224s] INFO:colcon.colcon_core.shell:Creating package script '/home/ubuntutbc/mtbc1_ws/src/MockTurtleBotC1-Desktop/mtbc1_viz/install/mtbc1_viz/share/mtbc1_viz/package.sh'
[3.226s] INFO:colcon.colcon_core.shell:Creating package script '/home/ubuntutbc/mtbc1_ws/src/MockTurtleBotC1-Desktop/mtbc1_viz/install/mtbc1_viz/share/mtbc1_viz/package.bash'
[3.227s] INFO:colcon.colcon_core.shell:Creating package script '/home/ubuntutbc/mtbc1_ws/src/MockTurtleBotC1-Desktop/mtbc1_viz/install/mtbc1_viz/share/mtbc1_viz/package.zsh'
[3.228s] Level 1:colcon.colcon_core.environment:create_file_with_runtime_dependencies(/home/ubuntutbc/mtbc1_ws/src/MockTurtleBotC1-Desktop/mtbc1_viz/install/mtbc1_viz/share/colcon-core/packages/mtbc1_viz)
[3.230s] DEBUG:colcon.colcon_parallel_executor.executor.parallel:closing loop
[3.230s] DEBUG:colcon.colcon_parallel_executor.executor.parallel:loop closed
[3.230s] DEBUG:colcon.colcon_parallel_executor.executor.parallel:run_until_complete finished with '0'
[3.231s] DEBUG:colcon.colcon_core.event_reactor:joining thread
[3.262s] INFO:colcon.colcon_core.plugin_system:Skipping extension 'colcon_notification.desktop_notification.terminal_notifier': Not used on non-Darwin systems
[3.262s] INFO:colcon.colcon_core.plugin_system:Skipping extension 'colcon_notification.desktop_notification.win32': Not used on non-Windows systems
[3.263s] INFO:colcon.colcon_notification.desktop_notification:Sending desktop notification using 'notify2'
[3.323s] DEBUG:colcon.colcon_core.event_reactor:joined thread
[3.324s] INFO:colcon.colcon_core.shell:Creating prefix script '/home/ubuntutbc/mtbc1_ws/src/MockTurtleBotC1-Desktop/mtbc1_viz/install/local_setup.ps1'
[3.328s] INFO:colcon.colcon_core.shell:Creating prefix util module '/home/ubuntutbc/mtbc1_ws/src/MockTurtleBotC1-Desktop/mtbc1_viz/install/_local_setup_util_ps1.py'
[3.333s] INFO:colcon.colcon_core.shell:Creating prefix chain script '/home/ubuntutbc/mtbc1_ws/src/MockTurtleBotC1-Desktop/mtbc1_viz/install/setup.ps1'
[3.338s] INFO:colcon.colcon_core.shell:Creating prefix script '/home/ubuntutbc/mtbc1_ws/src/MockTurtleBotC1-Desktop/mtbc1_viz/install/local_setup.sh'
[3.344s] INFO:colcon.colcon_core.shell:Creating prefix util module '/home/ubuntutbc/mtbc1_ws/src/MockTurtleBotC1-Desktop/mtbc1_viz/install/_local_setup_util_sh.py'
[3.346s] INFO:colcon.colcon_core.shell:Creating prefix chain script '/home/ubuntutbc/mtbc1_ws/src/MockTurtleBotC1-Desktop/mtbc1_viz/install/setup.sh'
[3.352s] INFO:colcon.colcon_core.shell:Creating prefix script '/home/ubuntutbc/mtbc1_ws/src/MockTurtleBotC1-Desktop/mtbc1_viz/install/local_setup.bash'
[3.354s] INFO:colcon.colcon_core.shell:Creating prefix chain script '/home/ubuntutbc/mtbc1_ws/src/MockTurtleBotC1-Desktop/mtbc1_viz/install/setup.bash'
[3.359s] INFO:colcon.colcon_core.shell:Creating prefix script '/home/ubuntutbc/mtbc1_ws/src/MockTurtleBotC1-Desktop/mtbc1_viz/install/local_setup.zsh'
[3.361s] INFO:colcon.colcon_core.shell:Creating prefix chain script '/home/ubuntutbc/mtbc1_ws/src/MockTurtleBotC1-Desktop/mtbc1_viz/install/setup.zsh'
